<?xml version="1.0" encoding="UTF-8"?>
<testsuite name="th.ac.kmitl.ce.ooad.DemoApplicationTests" tests="1" skipped="0" failures="0" errors="0" timestamp="2015-11-10T05:56:33" hostname="jwinut-pc" time="0.004">
  <properties/>
  <testcase name="contextLoads" classname="th.ac.kmitl.ce.ooad.DemoApplicationTests" time="0.004"/>
  <system-out><![CDATA[12:56:29.868 [Test worker] DEBUG o.s.t.c.j.SpringJUnit4ClassRunner - SpringJUnit4ClassRunner constructor called with [class th.ac.kmitl.ce.ooad.DemoApplicationTests]
12:56:29.875 [Test worker] DEBUG o.s.test.context.BootstrapUtils - Instantiating TestContextBootstrapper from class [org.springframework.test.context.web.WebTestContextBootstrapper]
12:56:29.891 [Test worker] DEBUG o.s.t.c.w.WebTestContextBootstrapper - Found explicit ContextLoader class [org.springframework.boot.test.SpringApplicationContextLoader] for context configuration attributes [ContextConfigurationAttributes@59e755f3 declaringClass = 'th.ac.kmitl.ce.ooad.DemoApplicationTests', classes = '{class th.ac.kmitl.ce.ooad.DemoApplication}', locations = '{}', inheritLocations = true, initializers = '{}', inheritInitializers = true, name = [null], contextLoaderClass = 'org.springframework.boot.test.SpringApplicationContextLoader']
12:56:29.898 [Test worker] DEBUG o.s.t.c.support.ActiveProfilesUtils - Could not find an 'annotation declaring class' for annotation type [org.springframework.test.context.ActiveProfiles] and class [th.ac.kmitl.ce.ooad.DemoApplicationTests]
12:56:29.902 [Test worker] DEBUG o.s.t.c.w.WebTestContextBootstrapper - @TestExecutionListeners is not present for class [th.ac.kmitl.ce.ooad.DemoApplicationTests]: using defaults.
12:56:29.909 [Test worker] INFO  o.s.t.c.w.WebTestContextBootstrapper - Loaded default TestExecutionListener class names from location [META-INF/spring.factories]: [org.springframework.test.context.web.ServletTestExecutionListener, org.springframework.test.context.support.DependencyInjectionTestExecutionListener, org.springframework.test.context.support.DirtiesContextTestExecutionListener, org.springframework.test.context.transaction.TransactionalTestExecutionListener, org.springframework.test.context.jdbc.SqlScriptsTestExecutionListener]
12:56:29.925 [Test worker] INFO  o.s.t.c.w.WebTestContextBootstrapper - Using TestExecutionListeners: [org.springframework.test.context.web.ServletTestExecutionListener@1471f2f4, org.springframework.test.context.support.DependencyInjectionTestExecutionListener@32904163, org.springframework.test.context.support.DirtiesContextTestExecutionListener@5837bc8d, org.springframework.test.context.transaction.TransactionalTestExecutionListener@7dd23682, org.springframework.test.context.jdbc.SqlScriptsTestExecutionListener@66af8d9e]
12:56:29.928 [Test worker] DEBUG o.s.t.annotation.ProfileValueUtils - Retrieved @ProfileValueSourceConfiguration [null] for test class [th.ac.kmitl.ce.ooad.DemoApplicationTests]
12:56:29.929 [Test worker] DEBUG o.s.t.annotation.ProfileValueUtils - Retrieved ProfileValueSource type [class org.springframework.test.annotation.SystemProfileValueSource] for class [th.ac.kmitl.ce.ooad.DemoApplicationTests]
12:56:29.930 [Test worker] DEBUG o.s.t.annotation.ProfileValueUtils - Retrieved @ProfileValueSourceConfiguration [null] for test class [th.ac.kmitl.ce.ooad.DemoApplicationTests]
12:56:29.930 [Test worker] DEBUG o.s.t.annotation.ProfileValueUtils - Retrieved ProfileValueSource type [class org.springframework.test.annotation.SystemProfileValueSource] for class [th.ac.kmitl.ce.ooad.DemoApplicationTests]
12:56:29.933 [Test worker] DEBUG o.s.t.annotation.ProfileValueUtils - Retrieved @ProfileValueSourceConfiguration [null] for test class [th.ac.kmitl.ce.ooad.DemoApplicationTests]
12:56:29.934 [Test worker] DEBUG o.s.t.annotation.ProfileValueUtils - Retrieved ProfileValueSource type [class org.springframework.test.annotation.SystemProfileValueSource] for class [th.ac.kmitl.ce.ooad.DemoApplicationTests]
12:56:29.998 [Test worker] DEBUG o.s.core.env.StandardEnvironment - Adding [systemProperties] PropertySource with lowest search precedence
12:56:29.998 [Test worker] DEBUG o.s.core.env.StandardEnvironment - Adding [systemEnvironment] PropertySource with lowest search precedence
12:56:29.998 [Test worker] DEBUG o.s.core.env.StandardEnvironment - Initialized StandardEnvironment with PropertySources [systemProperties,systemEnvironment]
12:56:30.000 [Test worker] DEBUG o.s.core.env.StandardEnvironment - Adding [integrationTest] PropertySource with search precedence immediately lower than [systemEnvironment]

  .   ____          _            __ _ _
 /\\ / ___'_ __ _ _(_)_ __  __ _ \ \ \ \
( ( )\___ | '_ | '_| | '_ \/ _` | \ \ \ \
 \\/  ___)| |_)| | | | | || (_| |  ) ) ) )
  '  |____| .__|_| |_|_| |_\__, | / / / /
 =========|_|==============|___/=/_/_/_/
 :: Spring Boot ::        (v1.2.7.RELEASE)

2015-11-10 12:56:30.151  INFO 14252 --- [    Test worker] t.ac.kmitl.ce.ooad.DemoApplicationTests  : Starting DemoApplicationTests on jwinut-pc with PID 14252 (C:\Users\Nut\Documents\GitHub\SharkTornado\ooad_1.3\build\classes\test started by Nut in C:\Users\Nut\Documents\GitHub\SharkTornado\ooad_1.3)
2015-11-10 12:56:30.197  INFO 14252 --- [    Test worker] o.s.w.c.s.GenericWebApplicationContext   : Refreshing org.springframework.web.context.support.GenericWebApplicationContext@5205d17e: startup date [Tue Nov 10 12:56:30 ICT 2015]; root of context hierarchy
2015-11-10 12:56:30.697  INFO 14252 --- [    Test worker] o.s.b.f.s.DefaultListableBeanFactory     : Overriding bean definition for bean 'beanNameViewResolver': replacing [Root bean: class [null]; scope=; abstract=false; lazyInit=false; autowireMode=3; dependencyCheck=0; autowireCandidate=true; primary=false; factoryBeanName=org.springframework.boot.autoconfigure.web.ErrorMvcAutoConfiguration$WhitelabelErrorViewConfiguration; factoryMethodName=beanNameViewResolver; initMethodName=null; destroyMethodName=(inferred); defined in class path resource [org/springframework/boot/autoconfigure/web/ErrorMvcAutoConfiguration$WhitelabelErrorViewConfiguration.class]] with [Root bean: class [null]; scope=; abstract=false; lazyInit=false; autowireMode=3; dependencyCheck=0; autowireCandidate=true; primary=false; factoryBeanName=org.springframework.boot.autoconfigure.web.WebMvcAutoConfiguration$WebMvcAutoConfigurationAdapter; factoryMethodName=beanNameViewResolver; initMethodName=null; destroyMethodName=(inferred); defined in class path resource [org/springframework/boot/autoconfigure/web/WebMvcAutoConfiguration$WebMvcAutoConfigurationAdapter.class]]
2015-11-10 12:56:31.582  INFO 14252 --- [    Test worker] org.mongodb.driver.cluster               : Cluster created with settings {hosts=[localhost:27017], mode=SINGLE, requiredClusterType=UNKNOWN, serverSelectionTimeout='30000 ms', maxWaitQueueSize=500}
2015-11-10 12:56:31.842  INFO 14252 --- [localhost:27017] org.mongodb.driver.connection            : Opened connection [connectionId{localValue:1, serverValue:20}] to localhost:27017
2015-11-10 12:56:31.843  INFO 14252 --- [localhost:27017] org.mongodb.driver.cluster               : Monitor thread successfully connected to server with description ServerDescription{address=localhost:27017, type=STANDALONE, state=CONNECTED, ok=true, version=ServerVersion{versionList=[3, 0, 6]}, minWireVersion=0, maxWireVersion=3, electionId=null, maxDocumentSize=16777216, roundTripTimeNanos=433641}
2015-11-10 12:56:32.721  INFO 14252 --- [    Test worker] s.w.s.m.m.a.RequestMappingHandlerAdapter : Looking for @ControllerAdvice: org.springframework.web.context.support.GenericWebApplicationContext@5205d17e: startup date [Tue Nov 10 12:56:30 ICT 2015]; root of context hierarchy
2015-11-10 12:56:32.773  INFO 14252 --- [    Test worker] s.w.s.m.m.a.RequestMappingHandlerMapping : Mapped "{[/]}" onto public boolean th.ac.kmitl.ce.ooad.MainController.isRunning()
2015-11-10 12:56:32.774  INFO 14252 --- [    Test worker] s.w.s.m.m.a.RequestMappingHandlerMapping : Mapped "{[/plan/addCloudAccount/{userId}],params=[cloudProv && password && cloudUsername && cloudPassword]}" onto public boolean th.ac.kmitl.ce.ooad.MainController.addCloudAccount(java.lang.String,java.lang.String,java.lang.String,java.lang.String,java.lang.String)
2015-11-10 12:56:32.774  INFO 14252 --- [    Test worker] s.w.s.m.m.a.RequestMappingHandlerMapping : Mapped "{[/request/account/{userId}]}" onto public th.ac.kmitl.ce.ooad.Account th.ac.kmitl.ce.ooad.MainController.getAccount(java.lang.String)
2015-11-10 12:56:32.774  INFO 14252 --- [    Test worker] s.w.s.m.m.a.RequestMappingHandlerMapping : Mapped "{[/dashboard/{userId}],params=[password]}" onto public java.util.List<th.ac.kmitl.ce.ooad.Cloud> th.ac.kmitl.ce.ooad.MainController.getDashboard(java.lang.String,java.lang.String)
2015-11-10 12:56:32.775  INFO 14252 --- [    Test worker] s.w.s.m.m.a.RequestMappingHandlerMapping : Mapped "{[/dashboard/{userId}],params=[password && vmIP]}" onto public th.ac.kmitl.ce.ooad.Vm th.ac.kmitl.ce.ooad.MainController.getVMStatus(java.lang.String,java.lang.String,java.lang.String)
2015-11-10 12:56:32.776  INFO 14252 --- [    Test worker] s.w.s.m.m.a.RequestMappingHandlerMapping : Mapped "{[/plan],params=[cloudProv]}" onto public th.ac.kmitl.ce.ooad.Plan[] th.ac.kmitl.ce.ooad.MainController.requestCloudPlan(java.lang.String)
2015-11-10 12:56:32.776  INFO 14252 --- [    Test worker] s.w.s.m.m.a.RequestMappingHandlerMapping : Mapped "{[/update/password/{username}],params=[password && newpassword]}" onto public boolean th.ac.kmitl.ce.ooad.MainController.updatePwd(java.lang.String,java.lang.String,java.lang.String)
2015-11-10 12:56:32.776  INFO 14252 --- [    Test worker] s.w.s.m.m.a.RequestMappingHandlerMapping : Mapped "{[/plan/{userId}],params=[password && vmIP && cloudProv]}" onto public th.ac.kmitl.ce.ooad.Plan th.ac.kmitl.ce.ooad.MainController.requestUserPlan(java.lang.String,java.lang.String,java.lang.String,java.lang.String)
2015-11-10 12:56:32.776  INFO 14252 --- [    Test worker] s.w.s.m.m.a.RequestMappingHandlerMapping : Mapped "{[/update/email/{userId}],params=[password && newemail]}" onto public boolean th.ac.kmitl.ce.ooad.MainController.updateEmail(java.lang.String,java.lang.String,java.lang.String)
2015-11-10 12:56:32.776  INFO 14252 --- [    Test worker] s.w.s.m.m.a.RequestMappingHandlerMapping : Mapped "{[/login/{username}]}" onto public boolean th.ac.kmitl.ce.ooad.MainController.isUser(java.lang.String)
2015-11-10 12:56:32.776  INFO 14252 --- [    Test worker] s.w.s.m.m.a.RequestMappingHandlerMapping : Mapped "{[/update/name/{username}],params=[name && password]}" onto public boolean th.ac.kmitl.ce.ooad.MainController.updateName(java.lang.String,java.lang.String,java.lang.String)
2015-11-10 12:56:32.776  INFO 14252 --- [    Test worker] s.w.s.m.m.a.RequestMappingHandlerMapping : Mapped "{[/update/plan/{userId}],params=[password && ip && plan && cloudProv]}" onto public boolean th.ac.kmitl.ce.ooad.MainController.updatePlan(java.lang.String,java.lang.String,java.lang.String,java.lang.String,int)
2015-11-10 12:56:32.776  INFO 14252 --- [    Test worker] s.w.s.m.m.a.RequestMappingHandlerMapping : Mapped "{[/bill/{userId}],params=[password]}" onto public th.ac.kmitl.ce.ooad.Bill th.ac.kmitl.ce.ooad.MainController.getBill(java.lang.String,java.lang.String)
2015-11-10 12:56:32.776  INFO 14252 --- [    Test worker] s.w.s.m.m.a.RequestMappingHandlerMapping : Mapped "{[/login/{username}],params=[password]}" onto public th.ac.kmitl.ce.ooad.Account th.ac.kmitl.ce.ooad.MainController.loginUser(java.lang.String,java.lang.String)
2015-11-10 12:56:32.777  INFO 14252 --- [    Test worker] s.w.s.m.m.a.RequestMappingHandlerMapping : Mapped "{[/plan/{userId}],params=[password && cloudProv]}" onto public th.ac.kmitl.ce.ooad.Plan[] th.ac.kmitl.ce.ooad.MainController.requestUserPlanByCloudProv(java.lang.String,java.lang.String,java.lang.String)
2015-11-10 12:56:32.777  INFO 14252 --- [    Test worker] s.w.s.m.m.a.RequestMappingHandlerMapping : Mapped "{[/plan/removeCloudAccount/{userId}],params=[password && cloudProv && cloudUsername]}" onto public boolean th.ac.kmitl.ce.ooad.MainController.removeCloudAccount(java.lang.String,java.lang.String,java.lang.String,java.lang.String)
2015-11-10 12:56:32.777  INFO 14252 --- [    Test worker] s.w.s.m.m.a.RequestMappingHandlerMapping : Mapped "{[/plan/{userId}],params=[password]}" onto public java.util.List<th.ac.kmitl.ce.ooad.Plan> th.ac.kmitl.ce.ooad.MainController.requestAllUserPlan(java.lang.String,java.lang.String)
2015-11-10 12:56:32.777  INFO 14252 --- [    Test worker] s.w.s.m.m.a.RequestMappingHandlerMapping : Mapped "{[/addUser/{username}/{name}],params=[email && password && imgLocation]}" onto public boolean th.ac.kmitl.ce.ooad.MainController.addUser(java.lang.String,java.lang.String,java.lang.String,java.lang.String,java.lang.String)
2015-11-10 12:56:32.778  INFO 14252 --- [    Test worker] s.w.s.m.m.a.RequestMappingHandlerMapping : Mapped "{[/error]}" onto public org.springframework.http.ResponseEntity<java.util.Map<java.lang.String, java.lang.Object>> org.springframework.boot.autoconfigure.web.BasicErrorController.error(javax.servlet.http.HttpServletRequest)
2015-11-10 12:56:32.779  INFO 14252 --- [    Test worker] s.w.s.m.m.a.RequestMappingHandlerMapping : Mapped "{[/error],produces=[text/html]}" onto public org.springframework.web.servlet.ModelAndView org.springframework.boot.autoconfigure.web.BasicErrorController.errorHtml(javax.servlet.http.HttpServletRequest)
2015-11-10 12:56:32.806  INFO 14252 --- [    Test worker] o.s.w.s.handler.SimpleUrlHandlerMapping  : Mapped URL path [/webjars/**] onto handler of type [class org.springframework.web.servlet.resource.ResourceHttpRequestHandler]
2015-11-10 12:56:32.806  INFO 14252 --- [    Test worker] o.s.w.s.handler.SimpleUrlHandlerMapping  : Mapped URL path [/**] onto handler of type [class org.springframework.web.servlet.resource.ResourceHttpRequestHandler]
2015-11-10 12:56:32.850  INFO 14252 --- [    Test worker] o.s.w.s.handler.SimpleUrlHandlerMapping  : Mapped URL path [/**/favicon.ico] onto handler of type [class org.springframework.web.servlet.resource.ResourceHttpRequestHandler]
2015-11-10 12:56:33.123  INFO 14252 --- [    Test worker] o.s.b.a.e.mvc.EndpointHandlerMapping     : Mapped "{[/health]}" onto public java.lang.Object org.springframework.boot.actuate.endpoint.mvc.HealthMvcEndpoint.invoke(java.security.Principal)
2015-11-10 12:56:33.124  INFO 14252 --- [    Test worker] o.s.b.a.e.mvc.EndpointHandlerMapping     : Mapped "{[/info],methods=[GET]}" onto public java.lang.Object org.springframework.boot.actuate.endpoint.mvc.EndpointMvcAdapter.invoke()
2015-11-10 12:56:33.125  INFO 14252 --- [    Test worker] o.s.b.a.e.mvc.EndpointHandlerMapping     : Mapped "{[/mappings],methods=[GET]}" onto public java.lang.Object org.springframework.boot.actuate.endpoint.mvc.EndpointMvcAdapter.invoke()
2015-11-10 12:56:33.125  INFO 14252 --- [    Test worker] o.s.b.a.e.mvc.EndpointHandlerMapping     : Mapped "{[/configprops],methods=[GET]}" onto public java.lang.Object org.springframework.boot.actuate.endpoint.mvc.EndpointMvcAdapter.invoke()
2015-11-10 12:56:33.126  INFO 14252 --- [    Test worker] o.s.b.a.e.mvc.EndpointHandlerMapping     : Mapped "{[/metrics/{name:.*}],methods=[GET]}" onto public java.lang.Object org.springframework.boot.actuate.endpoint.mvc.MetricsMvcEndpoint.value(java.lang.String)
2015-11-10 12:56:33.126  INFO 14252 --- [    Test worker] o.s.b.a.e.mvc.EndpointHandlerMapping     : Mapped "{[/metrics],methods=[GET]}" onto public java.lang.Object org.springframework.boot.actuate.endpoint.mvc.EndpointMvcAdapter.invoke()
2015-11-10 12:56:33.127  INFO 14252 --- [    Test worker] o.s.b.a.e.mvc.EndpointHandlerMapping     : Mapped "{[/beans],methods=[GET]}" onto public java.lang.Object org.springframework.boot.actuate.endpoint.mvc.EndpointMvcAdapter.invoke()
2015-11-10 12:56:33.127  INFO 14252 --- [    Test worker] o.s.b.a.e.mvc.EndpointHandlerMapping     : Mapped "{[/env/{name:.*}],methods=[GET]}" onto public java.lang.Object org.springframework.boot.actuate.endpoint.mvc.EnvironmentMvcEndpoint.value(java.lang.String)
2015-11-10 12:56:33.128  INFO 14252 --- [    Test worker] o.s.b.a.e.mvc.EndpointHandlerMapping     : Mapped "{[/env],methods=[GET]}" onto public java.lang.Object org.springframework.boot.actuate.endpoint.mvc.EndpointMvcAdapter.invoke()
2015-11-10 12:56:33.128  INFO 14252 --- [    Test worker] o.s.b.a.e.mvc.EndpointHandlerMapping     : Mapped "{[/dump],methods=[GET]}" onto public java.lang.Object org.springframework.boot.actuate.endpoint.mvc.EndpointMvcAdapter.invoke()
2015-11-10 12:56:33.128  INFO 14252 --- [    Test worker] o.s.b.a.e.mvc.EndpointHandlerMapping     : Mapped "{[/trace],methods=[GET]}" onto public java.lang.Object org.springframework.boot.actuate.endpoint.mvc.EndpointMvcAdapter.invoke()
2015-11-10 12:56:33.129  INFO 14252 --- [    Test worker] o.s.b.a.e.mvc.EndpointHandlerMapping     : Mapped "{[/autoconfig],methods=[GET]}" onto public java.lang.Object org.springframework.boot.actuate.endpoint.mvc.EndpointMvcAdapter.invoke()
2015-11-10 12:56:33.162  INFO 14252 --- [    Test worker] t.ac.kmitl.ce.ooad.DemoApplicationTests  : Started DemoApplicationTests in 3.153 seconds (JVM running for 3.883)
]]></system-out>
  <system-err><![CDATA[]]></system-err>
</testsuite>
