<?xml version="1.0" encoding="UTF-8"?>
<testsuite name="th.ac.kmitl.ce.ooad.DemoApplicationTests" tests="1" skipped="0" failures="0" errors="0" timestamp="2015-11-19T18:35:55" hostname="Archie" time="0.008">
  <properties/>
  <testcase name="contextLoads" classname="th.ac.kmitl.ce.ooad.DemoApplicationTests" time="0.008"/>
  <system-out><![CDATA[01:35:43.700 [Test worker] DEBUG o.s.t.c.j.SpringJUnit4ClassRunner - SpringJUnit4ClassRunner constructor called with [class th.ac.kmitl.ce.ooad.DemoApplicationTests]
01:35:43.763 [Test worker] DEBUG o.s.test.context.BootstrapUtils - Instantiating TestContextBootstrapper from class [org.springframework.test.context.web.WebTestContextBootstrapper]
01:35:43.799 [Test worker] DEBUG o.s.t.c.w.WebTestContextBootstrapper - Found explicit ContextLoader class [org.springframework.boot.test.SpringApplicationContextLoader] for context configuration attributes [ContextConfigurationAttributes@e34af87 declaringClass = 'th.ac.kmitl.ce.ooad.DemoApplicationTests', classes = '{class th.ac.kmitl.ce.ooad.DemoApplication}', locations = '{}', inheritLocations = true, initializers = '{}', inheritInitializers = true, name = [null], contextLoaderClass = 'org.springframework.boot.test.SpringApplicationContextLoader']
01:35:43.808 [Test worker] DEBUG o.s.t.c.support.ActiveProfilesUtils - Could not find an 'annotation declaring class' for annotation type [org.springframework.test.context.ActiveProfiles] and class [th.ac.kmitl.ce.ooad.DemoApplicationTests]
01:35:43.815 [Test worker] DEBUG o.s.t.c.w.WebTestContextBootstrapper - @TestExecutionListeners is not present for class [th.ac.kmitl.ce.ooad.DemoApplicationTests]: using defaults.
01:35:43.829 [Test worker] INFO  o.s.t.c.w.WebTestContextBootstrapper - Loaded default TestExecutionListener class names from location [META-INF/spring.factories]: [org.springframework.test.context.web.ServletTestExecutionListener, org.springframework.test.context.support.DependencyInjectionTestExecutionListener, org.springframework.test.context.support.DirtiesContextTestExecutionListener, org.springframework.test.context.transaction.TransactionalTestExecutionListener, org.springframework.test.context.jdbc.SqlScriptsTestExecutionListener]
01:35:43.856 [Test worker] INFO  o.s.t.c.w.WebTestContextBootstrapper - Using TestExecutionListeners: [org.springframework.test.context.web.ServletTestExecutionListener@5771c04a, org.springframework.test.context.support.DependencyInjectionTestExecutionListener@7f269c49, org.springframework.test.context.support.DirtiesContextTestExecutionListener@738c82e0, org.springframework.test.context.transaction.TransactionalTestExecutionListener@7a8f9452, org.springframework.test.context.jdbc.SqlScriptsTestExecutionListener@23a578d9]
01:35:43.861 [Test worker] DEBUG o.s.t.annotation.ProfileValueUtils - Retrieved @ProfileValueSourceConfiguration [null] for test class [th.ac.kmitl.ce.ooad.DemoApplicationTests]
01:35:43.862 [Test worker] DEBUG o.s.t.annotation.ProfileValueUtils - Retrieved ProfileValueSource type [class org.springframework.test.annotation.SystemProfileValueSource] for class [th.ac.kmitl.ce.ooad.DemoApplicationTests]
01:35:43.864 [Test worker] DEBUG o.s.t.annotation.ProfileValueUtils - Retrieved @ProfileValueSourceConfiguration [null] for test class [th.ac.kmitl.ce.ooad.DemoApplicationTests]
01:35:43.865 [Test worker] DEBUG o.s.t.annotation.ProfileValueUtils - Retrieved ProfileValueSource type [class org.springframework.test.annotation.SystemProfileValueSource] for class [th.ac.kmitl.ce.ooad.DemoApplicationTests]
01:35:43.869 [Test worker] DEBUG o.s.t.annotation.ProfileValueUtils - Retrieved @ProfileValueSourceConfiguration [null] for test class [th.ac.kmitl.ce.ooad.DemoApplicationTests]
01:35:43.870 [Test worker] DEBUG o.s.t.annotation.ProfileValueUtils - Retrieved ProfileValueSource type [class org.springframework.test.annotation.SystemProfileValueSource] for class [th.ac.kmitl.ce.ooad.DemoApplicationTests]
01:35:43.976 [Test worker] DEBUG o.s.core.env.StandardEnvironment - Adding [systemProperties] PropertySource with lowest search precedence
01:35:43.978 [Test worker] DEBUG o.s.core.env.StandardEnvironment - Adding [systemEnvironment] PropertySource with lowest search precedence
01:35:43.979 [Test worker] DEBUG o.s.core.env.StandardEnvironment - Initialized StandardEnvironment with PropertySources [systemProperties,systemEnvironment]
01:35:43.981 [Test worker] DEBUG o.s.core.env.StandardEnvironment - Adding [integrationTest] PropertySource with search precedence immediately lower than [systemEnvironment]

  .   ____          _            __ _ _
 /\\ / ___'_ __ _ _(_)_ __  __ _ \ \ \ \
( ( )\___ | '_ | '_| | '_ \/ _` | \ \ \ \
 \\/  ___)| |_)| | | | | || (_| |  ) ) ) )
  '  |____| .__|_| |_|_| |_\__, | / / / /
 =========|_|==============|___/=/_/_/_/
 :: Spring Boot ::        (v1.2.7.RELEASE)

2015-11-20 01:35:45.072  INFO 30026 --- [    Test worker] t.ac.kmitl.ce.ooad.DemoApplicationTests  : Starting DemoApplicationTests on Archie with PID 30026 (/home/kohpai/IdeaProjects/SharkTornado/ooad_1.3/build/classes/test started by kohpai in /home/kohpai/IdeaProjects/SharkTornado/ooad_1.3)
2015-11-20 01:35:45.238  INFO 30026 --- [    Test worker] o.s.w.c.s.GenericWebApplicationContext   : Refreshing org.springframework.web.context.support.GenericWebApplicationContext@561c49ce: startup date [Fri Nov 20 01:35:45 ICT 2015]; root of context hierarchy
2015-11-20 01:35:46.601  INFO 30026 --- [    Test worker] o.s.b.f.s.DefaultListableBeanFactory     : Overriding bean definition for bean 'beanNameViewResolver': replacing [Root bean: class [null]; scope=; abstract=false; lazyInit=false; autowireMode=3; dependencyCheck=0; autowireCandidate=true; primary=false; factoryBeanName=org.springframework.boot.autoconfigure.web.ErrorMvcAutoConfiguration$WhitelabelErrorViewConfiguration; factoryMethodName=beanNameViewResolver; initMethodName=null; destroyMethodName=(inferred); defined in class path resource [org/springframework/boot/autoconfigure/web/ErrorMvcAutoConfiguration$WhitelabelErrorViewConfiguration.class]] with [Root bean: class [null]; scope=; abstract=false; lazyInit=false; autowireMode=3; dependencyCheck=0; autowireCandidate=true; primary=false; factoryBeanName=org.springframework.boot.autoconfigure.web.WebMvcAutoConfiguration$WebMvcAutoConfigurationAdapter; factoryMethodName=beanNameViewResolver; initMethodName=null; destroyMethodName=(inferred); defined in class path resource [org/springframework/boot/autoconfigure/web/WebMvcAutoConfiguration$WebMvcAutoConfigurationAdapter.class]]
2015-11-20 01:35:48.695  INFO 30026 --- [    Test worker] org.mongodb.driver.cluster               : Cluster created with settings {hosts=[localhost:27017], mode=SINGLE, requiredClusterType=UNKNOWN, serverSelectionTimeout='30000 ms', maxWaitQueueSize=500}
2015-11-20 01:35:49.916  INFO 30026 --- [localhost:27017] org.mongodb.driver.connection            : Opened connection [connectionId{localValue:1, serverValue:111911}] to localhost:27017
2015-11-20 01:35:49.919  INFO 30026 --- [localhost:27017] org.mongodb.driver.cluster               : Monitor thread successfully connected to server with description ServerDescription{address=localhost:27017, type=STANDALONE, state=CONNECTED, ok=true, version=ServerVersion{versionList=[3, 0, 7]}, minWireVersion=0, maxWireVersion=3, electionId=null, maxDocumentSize=16777216, roundTripTimeNanos=1101372}
2015-11-20 01:35:52.954  INFO 30026 --- [    Test worker] s.w.s.m.m.a.RequestMappingHandlerAdapter : Looking for @ControllerAdvice: org.springframework.web.context.support.GenericWebApplicationContext@561c49ce: startup date [Fri Nov 20 01:35:45 ICT 2015]; root of context hierarchy
2015-11-20 01:35:53.045  INFO 30026 --- [    Test worker] s.w.s.m.m.a.RequestMappingHandlerMapping : Mapped "{[/monitor]}" onto public void th.ac.kmitl.ce.ooad.MainController.monitor() throws java.lang.InterruptedException
2015-11-20 01:35:53.046  INFO 30026 --- [    Test worker] s.w.s.m.m.a.RequestMappingHandlerMapping : Mapped "{[/addUser/{username}/{name}],params=[email && password && imgLocation]}" onto public boolean th.ac.kmitl.ce.ooad.MainController.addUser(java.lang.String,java.lang.String,java.lang.String,java.lang.String,java.lang.String)
2015-11-20 01:35:53.046  INFO 30026 --- [    Test worker] s.w.s.m.m.a.RequestMappingHandlerMapping : Mapped "{[/login/{username}]}" onto public boolean th.ac.kmitl.ce.ooad.MainController.isUser(java.lang.String)
2015-11-20 01:35:53.046  INFO 30026 --- [    Test worker] s.w.s.m.m.a.RequestMappingHandlerMapping : Mapped "{[/request/account/{userId}]}" onto public th.ac.kmitl.ce.ooad.Account th.ac.kmitl.ce.ooad.MainController.getAccount(java.lang.String)
2015-11-20 01:35:53.047  INFO 30026 --- [    Test worker] s.w.s.m.m.a.RequestMappingHandlerMapping : Mapped "{[/request/profile/user/{userId}],params=[password]}" onto public th.ac.kmitl.ce.ooad.Profile th.ac.kmitl.ce.ooad.MainController.getProfile(java.lang.String,java.lang.String)
2015-11-20 01:35:53.047  INFO 30026 --- [    Test worker] s.w.s.m.m.a.RequestMappingHandlerMapping : Mapped "{[/request/profile/{username}],params=[password]}" onto public th.ac.kmitl.ce.ooad.Profile th.ac.kmitl.ce.ooad.MainController.getProfileByUsername(java.lang.String,java.lang.String)
2015-11-20 01:35:53.047  INFO 30026 --- [    Test worker] s.w.s.m.m.a.RequestMappingHandlerMapping : Mapped "{[/update/name/{userId}],params=[name && password]}" onto public boolean th.ac.kmitl.ce.ooad.MainController.updateName(java.lang.String,java.lang.String,java.lang.String)
2015-11-20 01:35:53.048  INFO 30026 --- [    Test worker] s.w.s.m.m.a.RequestMappingHandlerMapping : Mapped "{[/update/password/{userId}],params=[password && newpassword]}" onto public boolean th.ac.kmitl.ce.ooad.MainController.updatePwd(java.lang.String,java.lang.String,java.lang.String)
2015-11-20 01:35:53.048  INFO 30026 --- [    Test worker] s.w.s.m.m.a.RequestMappingHandlerMapping : Mapped "{[/update/email/{userId}],params=[password && newemail]}" onto public boolean th.ac.kmitl.ce.ooad.MainController.updateEmail(java.lang.String,java.lang.String,java.lang.String)
2015-11-20 01:35:53.048  INFO 30026 --- [    Test worker] s.w.s.m.m.a.RequestMappingHandlerMapping : Mapped "{[/update/plan/{userId}],params=[password && ip && plan && cloudProv]}" onto public boolean th.ac.kmitl.ce.ooad.MainController.updatePlan(java.lang.String,java.lang.String,java.lang.String,java.lang.String,int)
2015-11-20 01:35:53.049  INFO 30026 --- [    Test worker] s.w.s.m.m.a.RequestMappingHandlerMapping : Mapped "{[/plan/{userId}],params=[password]}" onto public java.util.List<th.ac.kmitl.ce.ooad.Plan> th.ac.kmitl.ce.ooad.MainController.requestAllUserPlan(java.lang.String,java.lang.String)
2015-11-20 01:35:53.049  INFO 30026 --- [    Test worker] s.w.s.m.m.a.RequestMappingHandlerMapping : Mapped "{[/plan/{userId}],params=[password && vmIP && cloudProv]}" onto public th.ac.kmitl.ce.ooad.Plan th.ac.kmitl.ce.ooad.MainController.requestUserPlan(java.lang.String,java.lang.String,java.lang.String,java.lang.String)
2015-11-20 01:35:53.049  INFO 30026 --- [    Test worker] s.w.s.m.m.a.RequestMappingHandlerMapping : Mapped "{[/plan/{userId}],params=[password && cloudProv]}" onto public th.ac.kmitl.ce.ooad.Plan[] th.ac.kmitl.ce.ooad.MainController.requestUserPlanByCloudProv(java.lang.String,java.lang.String,java.lang.String)
2015-11-20 01:35:53.050  INFO 30026 --- [    Test worker] s.w.s.m.m.a.RequestMappingHandlerMapping : Mapped "{[/plan],params=[cloudProv]}" onto public th.ac.kmitl.ce.ooad.Plan[] th.ac.kmitl.ce.ooad.MainController.requestCloudPlan(java.lang.String)
2015-11-20 01:35:53.050  INFO 30026 --- [    Test worker] s.w.s.m.m.a.RequestMappingHandlerMapping : Mapped "{[/plan/removeCloudAccount/{userId}],params=[password && cloudProv && cloudUsername]}" onto public boolean th.ac.kmitl.ce.ooad.MainController.removeCloudAccount(java.lang.String,java.lang.String,java.lang.String,java.lang.String)
2015-11-20 01:35:53.051  INFO 30026 --- [    Test worker] s.w.s.m.m.a.RequestMappingHandlerMapping : Mapped "{[/plan/addCloudAccount/{userId}],params=[cloudProv && password && cloudUsername && cloudPassword]}" onto public boolean th.ac.kmitl.ce.ooad.MainController.addCloudAccount(java.lang.String,java.lang.String,java.lang.String,java.lang.String,java.lang.String)
2015-11-20 01:35:53.052  INFO 30026 --- [    Test worker] s.w.s.m.m.a.RequestMappingHandlerMapping : Mapped "{[/dashboard/{userId}],params=[password]}" onto public java.util.List<th.ac.kmitl.ce.ooad.Cloud> th.ac.kmitl.ce.ooad.MainController.getDashboard(java.lang.String,java.lang.String)
2015-11-20 01:35:53.052  INFO 30026 --- [    Test worker] s.w.s.m.m.a.RequestMappingHandlerMapping : Mapped "{[/dashboard/{userId}],params=[password && vmIP && cloudProv]}" onto public th.ac.kmitl.ce.ooad.Vm th.ac.kmitl.ce.ooad.MainController.getVMStatus(java.lang.String,java.lang.String,java.lang.String,java.lang.String)
2015-11-20 01:35:53.052  INFO 30026 --- [    Test worker] s.w.s.m.m.a.RequestMappingHandlerMapping : Mapped "{[/bill/{userId}],params=[password]}" onto public th.ac.kmitl.ce.ooad.Bill th.ac.kmitl.ce.ooad.MainController.getBill(java.lang.String,java.lang.String)
2015-11-20 01:35:53.053  INFO 30026 --- [    Test worker] s.w.s.m.m.a.RequestMappingHandlerMapping : Mapped "{[/bill/vm/{userId}],params=[password && vmIP && cloudProv]}" onto public th.ac.kmitl.ce.ooad.Bill th.ac.kmitl.ce.ooad.MainController.getBillByVm(java.lang.String,java.lang.String,java.lang.String,java.lang.String)
2015-11-20 01:35:53.053  INFO 30026 --- [    Test worker] s.w.s.m.m.a.RequestMappingHandlerMapping : Mapped "{[/report/all/{userId}],params=[password && vmIP]}" onto public java.util.List<th.ac.kmitl.ce.ooad.Report> th.ac.kmitl.ce.ooad.MainController.getAllReport(java.lang.String,java.lang.String,java.lang.String)
2015-11-20 01:35:53.054  INFO 30026 --- [    Test worker] s.w.s.m.m.a.RequestMappingHandlerMapping : Mapped "{[/report/{userId}],params=[password && vmIP && start && end]}" onto public java.util.List<th.ac.kmitl.ce.ooad.Report> th.ac.kmitl.ce.ooad.MainController.getReportByMonth(java.lang.String,java.lang.String,java.lang.String,java.lang.String,java.lang.String)
2015-11-20 01:35:53.054  INFO 30026 --- [    Test worker] s.w.s.m.m.a.RequestMappingHandlerMapping : Mapped "{[/kohpai]}" onto public void th.ac.kmitl.ce.ooad.MainController.kohpai() throws java.lang.InterruptedException
2015-11-20 01:35:53.054  INFO 30026 --- [    Test worker] s.w.s.m.m.a.RequestMappingHandlerMapping : Mapped "{[/predict/{userId}],params=[password && vmIP && start && end]}" onto public th.ac.kmitl.ce.ooad.Prediction th.ac.kmitl.ce.ooad.MainController.getPredictionByMonth(java.lang.String,java.lang.String,java.lang.String,java.lang.String,java.lang.String)
2015-11-20 01:35:53.055  INFO 30026 --- [    Test worker] s.w.s.m.m.a.RequestMappingHandlerMapping : Mapped "{[/login/{username}],params=[password]}" onto public th.ac.kmitl.ce.ooad.Account th.ac.kmitl.ce.ooad.MainController.loginUser(java.lang.String,java.lang.String)
2015-11-20 01:35:53.055  INFO 30026 --- [    Test worker] s.w.s.m.m.a.RequestMappingHandlerMapping : Mapped "{[/]}" onto public boolean th.ac.kmitl.ce.ooad.MainController.isRunning()
2015-11-20 01:35:53.055  INFO 30026 --- [    Test worker] s.w.s.m.m.a.RequestMappingHandlerMapping : Mapped "{[/message/{userId}],params=[password && vmIP]}" onto public java.util.List<th.ac.kmitl.ce.ooad.Message> th.ac.kmitl.ce.ooad.MainController.getMessage(java.lang.String,java.lang.String,java.lang.String)
2015-11-20 01:35:53.056  INFO 30026 --- [    Test worker] s.w.s.m.m.a.RequestMappingHandlerMapping : Mapped "{[/test]}" onto public void th.ac.kmitl.ce.ooad.MainController.test()
2015-11-20 01:35:53.058  INFO 30026 --- [    Test worker] s.w.s.m.m.a.RequestMappingHandlerMapping : Mapped "{[/error],produces=[text/html]}" onto public org.springframework.web.servlet.ModelAndView org.springframework.boot.autoconfigure.web.BasicErrorController.errorHtml(javax.servlet.http.HttpServletRequest)
2015-11-20 01:35:53.059  INFO 30026 --- [    Test worker] s.w.s.m.m.a.RequestMappingHandlerMapping : Mapped "{[/error]}" onto public org.springframework.http.ResponseEntity<java.util.Map<java.lang.String, java.lang.Object>> org.springframework.boot.autoconfigure.web.BasicErrorController.error(javax.servlet.http.HttpServletRequest)
2015-11-20 01:35:53.104  INFO 30026 --- [    Test worker] o.s.w.s.handler.SimpleUrlHandlerMapping  : Mapped URL path [/webjars/**] onto handler of type [class org.springframework.web.servlet.resource.ResourceHttpRequestHandler]
2015-11-20 01:35:53.105  INFO 30026 --- [    Test worker] o.s.w.s.handler.SimpleUrlHandlerMapping  : Mapped URL path [/**] onto handler of type [class org.springframework.web.servlet.resource.ResourceHttpRequestHandler]
2015-11-20 01:35:53.165  INFO 30026 --- [    Test worker] o.s.w.s.handler.SimpleUrlHandlerMapping  : Mapped URL path [/**/favicon.ico] onto handler of type [class org.springframework.web.servlet.resource.ResourceHttpRequestHandler]
2015-11-20 01:35:53.812  INFO 30026 --- [    Test worker] o.s.b.a.e.mvc.EndpointHandlerMapping     : Mapped "{[/env/{name:.*}],methods=[GET]}" onto public java.lang.Object org.springframework.boot.actuate.endpoint.mvc.EnvironmentMvcEndpoint.value(java.lang.String)
2015-11-20 01:35:53.813  INFO 30026 --- [    Test worker] o.s.b.a.e.mvc.EndpointHandlerMapping     : Mapped "{[/env],methods=[GET]}" onto public java.lang.Object org.springframework.boot.actuate.endpoint.mvc.EndpointMvcAdapter.invoke()
2015-11-20 01:35:53.814  INFO 30026 --- [    Test worker] o.s.b.a.e.mvc.EndpointHandlerMapping     : Mapped "{[/dump],methods=[GET]}" onto public java.lang.Object org.springframework.boot.actuate.endpoint.mvc.EndpointMvcAdapter.invoke()
2015-11-20 01:35:53.814  INFO 30026 --- [    Test worker] o.s.b.a.e.mvc.EndpointHandlerMapping     : Mapped "{[/info],methods=[GET]}" onto public java.lang.Object org.springframework.boot.actuate.endpoint.mvc.EndpointMvcAdapter.invoke()
2015-11-20 01:35:53.815  INFO 30026 --- [    Test worker] o.s.b.a.e.mvc.EndpointHandlerMapping     : Mapped "{[/beans],methods=[GET]}" onto public java.lang.Object org.springframework.boot.actuate.endpoint.mvc.EndpointMvcAdapter.invoke()
2015-11-20 01:35:53.815  INFO 30026 --- [    Test worker] o.s.b.a.e.mvc.EndpointHandlerMapping     : Mapped "{[/autoconfig],methods=[GET]}" onto public java.lang.Object org.springframework.boot.actuate.endpoint.mvc.EndpointMvcAdapter.invoke()
2015-11-20 01:35:53.816  INFO 30026 --- [    Test worker] o.s.b.a.e.mvc.EndpointHandlerMapping     : Mapped "{[/health]}" onto public java.lang.Object org.springframework.boot.actuate.endpoint.mvc.HealthMvcEndpoint.invoke(java.security.Principal)
2015-11-20 01:35:53.817  INFO 30026 --- [    Test worker] o.s.b.a.e.mvc.EndpointHandlerMapping     : Mapped "{[/mappings],methods=[GET]}" onto public java.lang.Object org.springframework.boot.actuate.endpoint.mvc.EndpointMvcAdapter.invoke()
2015-11-20 01:35:53.818  INFO 30026 --- [    Test worker] o.s.b.a.e.mvc.EndpointHandlerMapping     : Mapped "{[/metrics/{name:.*}],methods=[GET]}" onto public java.lang.Object org.springframework.boot.actuate.endpoint.mvc.MetricsMvcEndpoint.value(java.lang.String)
2015-11-20 01:35:53.819  INFO 30026 --- [    Test worker] o.s.b.a.e.mvc.EndpointHandlerMapping     : Mapped "{[/metrics],methods=[GET]}" onto public java.lang.Object org.springframework.boot.actuate.endpoint.mvc.EndpointMvcAdapter.invoke()
2015-11-20 01:35:53.819  INFO 30026 --- [    Test worker] o.s.b.a.e.mvc.EndpointHandlerMapping     : Mapped "{[/configprops],methods=[GET]}" onto public java.lang.Object org.springframework.boot.actuate.endpoint.mvc.EndpointMvcAdapter.invoke()
2015-11-20 01:35:53.820  INFO 30026 --- [    Test worker] o.s.b.a.e.mvc.EndpointHandlerMapping     : Mapped "{[/trace],methods=[GET]}" onto public java.lang.Object org.springframework.boot.actuate.endpoint.mvc.EndpointMvcAdapter.invoke()
2015-11-20 01:35:55.143  INFO 30026 --- [    Test worker] t.ac.kmitl.ce.ooad.DemoApplicationTests  : Started DemoApplicationTests in 11.084 seconds (JVM running for 22.432)
]]></system-out>
  <system-err><![CDATA[]]></system-err>
</testsuite>
