<?xml version="1.0" encoding="UTF-8"?>
<testsuite name="th.ac.kmitl.ce.ooad.DemoApplicationTests" tests="1" skipped="0" failures="0" errors="0" timestamp="2015-11-17T10:13:40" hostname="jwinut-pc" time="0.003">
  <properties/>
  <testcase name="contextLoads" classname="th.ac.kmitl.ce.ooad.DemoApplicationTests" time="0.003"/>
  <system-out><![CDATA[17:13:36.735 [Test worker] DEBUG o.s.t.c.j.SpringJUnit4ClassRunner - SpringJUnit4ClassRunner constructor called with [class th.ac.kmitl.ce.ooad.DemoApplicationTests]
17:13:36.742 [Test worker] DEBUG o.s.test.context.BootstrapUtils - Instantiating TestContextBootstrapper from class [org.springframework.test.context.web.WebTestContextBootstrapper]
17:13:36.756 [Test worker] DEBUG o.s.t.c.w.WebTestContextBootstrapper - Found explicit ContextLoader class [org.springframework.boot.test.SpringApplicationContextLoader] for context configuration attributes [ContextConfigurationAttributes@2413a3ba declaringClass = 'th.ac.kmitl.ce.ooad.DemoApplicationTests', classes = '{class th.ac.kmitl.ce.ooad.DemoApplication}', locations = '{}', inheritLocations = true, initializers = '{}', inheritInitializers = true, name = [null], contextLoaderClass = 'org.springframework.boot.test.SpringApplicationContextLoader']
17:13:36.763 [Test worker] DEBUG o.s.t.c.support.ActiveProfilesUtils - Could not find an 'annotation declaring class' for annotation type [org.springframework.test.context.ActiveProfiles] and class [th.ac.kmitl.ce.ooad.DemoApplicationTests]
17:13:36.766 [Test worker] DEBUG o.s.t.c.w.WebTestContextBootstrapper - @TestExecutionListeners is not present for class [th.ac.kmitl.ce.ooad.DemoApplicationTests]: using defaults.
17:13:36.775 [Test worker] INFO  o.s.t.c.w.WebTestContextBootstrapper - Loaded default TestExecutionListener class names from location [META-INF/spring.factories]: [org.springframework.test.context.web.ServletTestExecutionListener, org.springframework.test.context.support.DependencyInjectionTestExecutionListener, org.springframework.test.context.support.DirtiesContextTestExecutionListener, org.springframework.test.context.transaction.TransactionalTestExecutionListener, org.springframework.test.context.jdbc.SqlScriptsTestExecutionListener]
17:13:36.789 [Test worker] INFO  o.s.t.c.w.WebTestContextBootstrapper - Using TestExecutionListeners: [org.springframework.test.context.web.ServletTestExecutionListener@2b2e1236, org.springframework.test.context.support.DependencyInjectionTestExecutionListener@5ac0eb1b, org.springframework.test.context.support.DirtiesContextTestExecutionListener@5b955f2d, org.springframework.test.context.transaction.TransactionalTestExecutionListener@78bb0716, org.springframework.test.context.jdbc.SqlScriptsTestExecutionListener@23df1595]
17:13:36.792 [Test worker] DEBUG o.s.t.annotation.ProfileValueUtils - Retrieved @ProfileValueSourceConfiguration [null] for test class [th.ac.kmitl.ce.ooad.DemoApplicationTests]
17:13:36.793 [Test worker] DEBUG o.s.t.annotation.ProfileValueUtils - Retrieved ProfileValueSource type [class org.springframework.test.annotation.SystemProfileValueSource] for class [th.ac.kmitl.ce.ooad.DemoApplicationTests]
17:13:36.794 [Test worker] DEBUG o.s.t.annotation.ProfileValueUtils - Retrieved @ProfileValueSourceConfiguration [null] for test class [th.ac.kmitl.ce.ooad.DemoApplicationTests]
17:13:36.794 [Test worker] DEBUG o.s.t.annotation.ProfileValueUtils - Retrieved ProfileValueSource type [class org.springframework.test.annotation.SystemProfileValueSource] for class [th.ac.kmitl.ce.ooad.DemoApplicationTests]
17:13:36.796 [Test worker] DEBUG o.s.t.annotation.ProfileValueUtils - Retrieved @ProfileValueSourceConfiguration [null] for test class [th.ac.kmitl.ce.ooad.DemoApplicationTests]
17:13:36.796 [Test worker] DEBUG o.s.t.annotation.ProfileValueUtils - Retrieved ProfileValueSource type [class org.springframework.test.annotation.SystemProfileValueSource] for class [th.ac.kmitl.ce.ooad.DemoApplicationTests]
17:13:36.853 [Test worker] DEBUG o.s.core.env.StandardEnvironment - Adding [systemProperties] PropertySource with lowest search precedence
17:13:36.854 [Test worker] DEBUG o.s.core.env.StandardEnvironment - Adding [systemEnvironment] PropertySource with lowest search precedence
17:13:36.854 [Test worker] DEBUG o.s.core.env.StandardEnvironment - Initialized StandardEnvironment with PropertySources [systemProperties,systemEnvironment]
17:13:36.855 [Test worker] DEBUG o.s.core.env.StandardEnvironment - Adding [integrationTest] PropertySource with search precedence immediately lower than [systemEnvironment]

  .   ____          _            __ _ _
 /\\ / ___'_ __ _ _(_)_ __  __ _ \ \ \ \
( ( )\___ | '_ | '_| | '_ \/ _` | \ \ \ \
 \\/  ___)| |_)| | | | | || (_| |  ) ) ) )
  '  |____| .__|_| |_|_| |_\__, | / / / /
 =========|_|==============|___/=/_/_/_/
 :: Spring Boot ::        (v1.2.7.RELEASE)

2015-11-17 17:13:37.018  INFO 10100 --- [    Test worker] t.ac.kmitl.ce.ooad.DemoApplicationTests  : Starting DemoApplicationTests on jwinut-pc with PID 10100 (C:\Users\Nut\Documents\GitHub\SharkTornado\ooad_1.3\build\classes\test started by Nut in C:\Users\Nut\Documents\GitHub\SharkTornado\ooad_1.3)
2015-11-17 17:13:37.065  INFO 10100 --- [    Test worker] o.s.w.c.s.GenericWebApplicationContext   : Refreshing org.springframework.web.context.support.GenericWebApplicationContext@26b68a0a: startup date [Tue Nov 17 17:13:37 ICT 2015]; root of context hierarchy
2015-11-17 17:13:37.785  INFO 10100 --- [    Test worker] o.s.b.f.s.DefaultListableBeanFactory     : Overriding bean definition for bean 'beanNameViewResolver': replacing [Root bean: class [null]; scope=; abstract=false; lazyInit=false; autowireMode=3; dependencyCheck=0; autowireCandidate=true; primary=false; factoryBeanName=org.springframework.boot.autoconfigure.web.ErrorMvcAutoConfiguration$WhitelabelErrorViewConfiguration; factoryMethodName=beanNameViewResolver; initMethodName=null; destroyMethodName=(inferred); defined in class path resource [org/springframework/boot/autoconfigure/web/ErrorMvcAutoConfiguration$WhitelabelErrorViewConfiguration.class]] with [Root bean: class [null]; scope=; abstract=false; lazyInit=false; autowireMode=3; dependencyCheck=0; autowireCandidate=true; primary=false; factoryBeanName=org.springframework.boot.autoconfigure.web.WebMvcAutoConfiguration$WebMvcAutoConfigurationAdapter; factoryMethodName=beanNameViewResolver; initMethodName=null; destroyMethodName=(inferred); defined in class path resource [org/springframework/boot/autoconfigure/web/WebMvcAutoConfiguration$WebMvcAutoConfigurationAdapter.class]]
2015-11-17 17:13:39.119  INFO 10100 --- [    Test worker] org.mongodb.driver.cluster               : Cluster created with settings {hosts=[localhost:27017], mode=SINGLE, requiredClusterType=UNKNOWN, serverSelectionTimeout='30000 ms', maxWaitQueueSize=500}
2015-11-17 17:13:39.877  INFO 10100 --- [    Test worker] s.w.s.m.m.a.RequestMappingHandlerAdapter : Looking for @ControllerAdvice: org.springframework.web.context.support.GenericWebApplicationContext@26b68a0a: startup date [Tue Nov 17 17:13:37 ICT 2015]; root of context hierarchy
2015-11-17 17:13:39.925  INFO 10100 --- [    Test worker] s.w.s.m.m.a.RequestMappingHandlerMapping : Mapped "{[/message],params=[vmIP]}" onto public java.util.List<th.ac.kmitl.ce.ooad.Message> th.ac.kmitl.ce.ooad.MainController.getMessage(java.lang.String)
2015-11-17 17:13:39.926  INFO 10100 --- [    Test worker] s.w.s.m.m.a.RequestMappingHandlerMapping : Mapped "{[/]}" onto public boolean th.ac.kmitl.ce.ooad.MainController.isRunning()
2015-11-17 17:13:39.926  INFO 10100 --- [    Test worker] s.w.s.m.m.a.RequestMappingHandlerMapping : Mapped "{[/plan/{userId}],params=[password]}" onto public java.util.List<th.ac.kmitl.ce.ooad.Plan> th.ac.kmitl.ce.ooad.MainController.requestAllUserPlan(java.lang.String,java.lang.String)
2015-11-17 17:13:39.926  INFO 10100 --- [    Test worker] s.w.s.m.m.a.RequestMappingHandlerMapping : Mapped "{[/plan/{userId}],params=[password && cloudProv]}" onto public th.ac.kmitl.ce.ooad.Plan[] th.ac.kmitl.ce.ooad.MainController.requestUserPlanByCloudProv(java.lang.String,java.lang.String,java.lang.String)
2015-11-17 17:13:39.926  INFO 10100 --- [    Test worker] s.w.s.m.m.a.RequestMappingHandlerMapping : Mapped "{[/plan/removeCloudAccount/{userId}],params=[password && cloudProv && cloudUsername]}" onto public boolean th.ac.kmitl.ce.ooad.MainController.removeCloudAccount(java.lang.String,java.lang.String,java.lang.String,java.lang.String)
2015-11-17 17:13:39.926  INFO 10100 --- [    Test worker] s.w.s.m.m.a.RequestMappingHandlerMapping : Mapped "{[/request/profile/{username}],params=[password]}" onto public th.ac.kmitl.ce.ooad.Profile th.ac.kmitl.ce.ooad.MainController.getProfileByUsername(java.lang.String,java.lang.String)
2015-11-17 17:13:39.926  INFO 10100 --- [    Test worker] s.w.s.m.m.a.RequestMappingHandlerMapping : Mapped "{[/login/{username}],params=[password]}" onto public th.ac.kmitl.ce.ooad.Account th.ac.kmitl.ce.ooad.MainController.loginUser(java.lang.String,java.lang.String)
2015-11-17 17:13:39.927  INFO 10100 --- [    Test worker] s.w.s.m.m.a.RequestMappingHandlerMapping : Mapped "{[/request/profile/user/{userId}],params=[password]}" onto public th.ac.kmitl.ce.ooad.Profile th.ac.kmitl.ce.ooad.MainController.getProfile(java.lang.String,java.lang.String)
2015-11-17 17:13:39.927  INFO 10100 --- [    Test worker] s.w.s.m.m.a.RequestMappingHandlerMapping : Mapped "{[/update/name/{username}],params=[name && password]}" onto public boolean th.ac.kmitl.ce.ooad.MainController.updateName(java.lang.String,java.lang.String,java.lang.String)
2015-11-17 17:13:39.927  INFO 10100 --- [    Test worker] s.w.s.m.m.a.RequestMappingHandlerMapping : Mapped "{[/plan/{userId}],params=[password && vmIP && cloudProv]}" onto public th.ac.kmitl.ce.ooad.Plan th.ac.kmitl.ce.ooad.MainController.requestUserPlan(java.lang.String,java.lang.String,java.lang.String,java.lang.String)
2015-11-17 17:13:39.927  INFO 10100 --- [    Test worker] s.w.s.m.m.a.RequestMappingHandlerMapping : Mapped "{[/request/account/{userId}]}" onto public th.ac.kmitl.ce.ooad.Account th.ac.kmitl.ce.ooad.MainController.getAccount(java.lang.String)
2015-11-17 17:13:39.927  INFO 10100 --- [    Test worker] s.w.s.m.m.a.RequestMappingHandlerMapping : Mapped "{[/update/password/{username}],params=[password && newpassword]}" onto public boolean th.ac.kmitl.ce.ooad.MainController.updatePwd(java.lang.String,java.lang.String,java.lang.String)
2015-11-17 17:13:39.927  INFO 10100 --- [    Test worker] s.w.s.m.m.a.RequestMappingHandlerMapping : Mapped "{[/update/plan/{userId}],params=[password && ip && plan && cloudProv]}" onto public boolean th.ac.kmitl.ce.ooad.MainController.updatePlan(java.lang.String,java.lang.String,java.lang.String,java.lang.String,int)
2015-11-17 17:13:39.927  INFO 10100 --- [    Test worker] s.w.s.m.m.a.RequestMappingHandlerMapping : Mapped "{[/login/{username}]}" onto public boolean th.ac.kmitl.ce.ooad.MainController.isUser(java.lang.String)
2015-11-17 17:13:39.927  INFO 10100 --- [    Test worker] s.w.s.m.m.a.RequestMappingHandlerMapping : Mapped "{[/update/email/{userId}],params=[password && newemail]}" onto public boolean th.ac.kmitl.ce.ooad.MainController.updateEmail(java.lang.String,java.lang.String,java.lang.String)
2015-11-17 17:13:39.927  INFO 10100 --- [    Test worker] s.w.s.m.m.a.RequestMappingHandlerMapping : Mapped "{[/report/all/{userId}],params=[password && vmIP]}" onto public java.util.List<th.ac.kmitl.ce.ooad.Report> th.ac.kmitl.ce.ooad.MainController.getAllReport(java.lang.String,java.lang.String,java.lang.String)
2015-11-17 17:13:39.928  INFO 10100 --- [    Test worker] s.w.s.m.m.a.RequestMappingHandlerMapping : Mapped "{[/dashboard/{userId}],params=[password]}" onto public java.util.List<th.ac.kmitl.ce.ooad.Cloud> th.ac.kmitl.ce.ooad.MainController.getDashboard(java.lang.String,java.lang.String)
2015-11-17 17:13:39.928  INFO 10100 --- [    Test worker] s.w.s.m.m.a.RequestMappingHandlerMapping : Mapped "{[/plan/addCloudAccount/{userId}],params=[cloudProv && password && cloudUsername && cloudPassword]}" onto public boolean th.ac.kmitl.ce.ooad.MainController.addCloudAccount(java.lang.String,java.lang.String,java.lang.String,java.lang.String,java.lang.String)
2015-11-17 17:13:39.928  INFO 10100 --- [    Test worker] s.w.s.m.m.a.RequestMappingHandlerMapping : Mapped "{[/dashboard/{userId}],params=[password && vmIP && cloudProv]}" onto public th.ac.kmitl.ce.ooad.Vm th.ac.kmitl.ce.ooad.MainController.getVMStatus(java.lang.String,java.lang.String,java.lang.String,java.lang.String)
2015-11-17 17:13:39.928  INFO 10100 --- [    Test worker] s.w.s.m.m.a.RequestMappingHandlerMapping : Mapped "{[/plan],params=[cloudProv]}" onto public th.ac.kmitl.ce.ooad.Plan[] th.ac.kmitl.ce.ooad.MainController.requestCloudPlan(java.lang.String)
2015-11-17 17:13:39.928  INFO 10100 --- [    Test worker] s.w.s.m.m.a.RequestMappingHandlerMapping : Mapped "{[/bill/{userId}],params=[password && vmIP && cloudProv]}" onto public th.ac.kmitl.ce.ooad.Bill th.ac.kmitl.ce.ooad.MainController.getBillByVm(java.lang.String,java.lang.String,java.lang.String,java.lang.String)
2015-11-17 17:13:39.928  INFO 10100 --- [    Test worker] s.w.s.m.m.a.RequestMappingHandlerMapping : Mapped "{[/bill/{userId}],params=[password]}" onto public th.ac.kmitl.ce.ooad.Bill th.ac.kmitl.ce.ooad.MainController.getBill(java.lang.String,java.lang.String)
2015-11-17 17:13:39.932  INFO 10100 --- [    Test worker] s.w.s.m.m.a.RequestMappingHandlerMapping : Mapped "{[/report/{year}/{userId}],params=[password && vmIP && start && end]}" onto public java.util.List<th.ac.kmitl.ce.ooad.Report> th.ac.kmitl.ce.ooad.MainController.getReportByMonth(java.lang.String,java.lang.String,java.lang.String,java.lang.String,java.lang.String,java.lang.String)
2015-11-17 17:13:39.933  INFO 10100 --- [    Test worker] s.w.s.m.m.a.RequestMappingHandlerMapping : Mapped "{[/addUser/{username}/{name}],params=[email && password && imgLocation]}" onto public boolean th.ac.kmitl.ce.ooad.MainController.addUser(java.lang.String,java.lang.String,java.lang.String,java.lang.String,java.lang.String)
2015-11-17 17:13:39.934  INFO 10100 --- [    Test worker] s.w.s.m.m.a.RequestMappingHandlerMapping : Mapped "{[/error]}" onto public org.springframework.http.ResponseEntity<java.util.Map<java.lang.String, java.lang.Object>> org.springframework.boot.autoconfigure.web.BasicErrorController.error(javax.servlet.http.HttpServletRequest)
2015-11-17 17:13:39.934  INFO 10100 --- [    Test worker] s.w.s.m.m.a.RequestMappingHandlerMapping : Mapped "{[/error],produces=[text/html]}" onto public org.springframework.web.servlet.ModelAndView org.springframework.boot.autoconfigure.web.BasicErrorController.errorHtml(javax.servlet.http.HttpServletRequest)
2015-11-17 17:13:39.954  INFO 10100 --- [    Test worker] o.s.w.s.handler.SimpleUrlHandlerMapping  : Mapped URL path [/webjars/**] onto handler of type [class org.springframework.web.servlet.resource.ResourceHttpRequestHandler]
2015-11-17 17:13:39.955  INFO 10100 --- [    Test worker] o.s.w.s.handler.SimpleUrlHandlerMapping  : Mapped URL path [/**] onto handler of type [class org.springframework.web.servlet.resource.ResourceHttpRequestHandler]
2015-11-17 17:13:39.985  INFO 10100 --- [    Test worker] o.s.w.s.handler.SimpleUrlHandlerMapping  : Mapped URL path [/**/favicon.ico] onto handler of type [class org.springframework.web.servlet.resource.ResourceHttpRequestHandler]
2015-11-17 17:13:40.188  INFO 10100 --- [localhost:27017] org.mongodb.driver.cluster               : Exception in monitor thread while connecting to server localhost:27017

com.mongodb.MongoSocketOpenException: Exception opening socket
	at com.mongodb.connection.SocketStream.open(SocketStream.java:63)
	at com.mongodb.connection.InternalStreamConnection.open(InternalStreamConnection.java:114)
	at com.mongodb.connection.DefaultServerMonitor$ServerMonitorRunnable.run(DefaultServerMonitor.java:127)
	at java.lang.Thread.run(Thread.java:745)
Caused by: java.net.ConnectException: Connection refused: connect
	at java.net.DualStackPlainSocketImpl.waitForConnect(Native Method)
	at java.net.DualStackPlainSocketImpl.socketConnect(DualStackPlainSocketImpl.java:85)
	at java.net.AbstractPlainSocketImpl.doConnect(AbstractPlainSocketImpl.java:350)
	at java.net.AbstractPlainSocketImpl.connectToAddress(AbstractPlainSocketImpl.java:206)
	at java.net.AbstractPlainSocketImpl.connect(AbstractPlainSocketImpl.java:188)
	at java.net.PlainSocketImpl.connect(PlainSocketImpl.java:172)
	at java.net.SocksSocketImpl.connect(SocksSocketImpl.java:392)
	at java.net.Socket.connect(Socket.java:589)
	at com.mongodb.connection.SocketStreamHelper.initialize(SocketStreamHelper.java:50)
	at com.mongodb.connection.SocketStream.open(SocketStream.java:58)
	... 3 common frames omitted

2015-11-17 17:13:40.241  INFO 10100 --- [    Test worker] o.s.b.a.e.mvc.EndpointHandlerMapping     : Mapped "{[/autoconfig],methods=[GET]}" onto public java.lang.Object org.springframework.boot.actuate.endpoint.mvc.EndpointMvcAdapter.invoke()
2015-11-17 17:13:40.241  INFO 10100 --- [    Test worker] o.s.b.a.e.mvc.EndpointHandlerMapping     : Mapped "{[/configprops],methods=[GET]}" onto public java.lang.Object org.springframework.boot.actuate.endpoint.mvc.EndpointMvcAdapter.invoke()
2015-11-17 17:13:40.241  INFO 10100 --- [    Test worker] o.s.b.a.e.mvc.EndpointHandlerMapping     : Mapped "{[/info],methods=[GET]}" onto public java.lang.Object org.springframework.boot.actuate.endpoint.mvc.EndpointMvcAdapter.invoke()
2015-11-17 17:13:40.242  INFO 10100 --- [    Test worker] o.s.b.a.e.mvc.EndpointHandlerMapping     : Mapped "{[/health]}" onto public java.lang.Object org.springframework.boot.actuate.endpoint.mvc.HealthMvcEndpoint.invoke(java.security.Principal)
2015-11-17 17:13:40.242  INFO 10100 --- [    Test worker] o.s.b.a.e.mvc.EndpointHandlerMapping     : Mapped "{[/env/{name:.*}],methods=[GET]}" onto public java.lang.Object org.springframework.boot.actuate.endpoint.mvc.EnvironmentMvcEndpoint.value(java.lang.String)
2015-11-17 17:13:40.242  INFO 10100 --- [    Test worker] o.s.b.a.e.mvc.EndpointHandlerMapping     : Mapped "{[/env],methods=[GET]}" onto public java.lang.Object org.springframework.boot.actuate.endpoint.mvc.EndpointMvcAdapter.invoke()
2015-11-17 17:13:40.243  INFO 10100 --- [    Test worker] o.s.b.a.e.mvc.EndpointHandlerMapping     : Mapped "{[/metrics/{name:.*}],methods=[GET]}" onto public java.lang.Object org.springframework.boot.actuate.endpoint.mvc.MetricsMvcEndpoint.value(java.lang.String)
2015-11-17 17:13:40.243  INFO 10100 --- [    Test worker] o.s.b.a.e.mvc.EndpointHandlerMapping     : Mapped "{[/metrics],methods=[GET]}" onto public java.lang.Object org.springframework.boot.actuate.endpoint.mvc.EndpointMvcAdapter.invoke()
2015-11-17 17:13:40.243  INFO 10100 --- [    Test worker] o.s.b.a.e.mvc.EndpointHandlerMapping     : Mapped "{[/mappings],methods=[GET]}" onto public java.lang.Object org.springframework.boot.actuate.endpoint.mvc.EndpointMvcAdapter.invoke()
2015-11-17 17:13:40.243  INFO 10100 --- [    Test worker] o.s.b.a.e.mvc.EndpointHandlerMapping     : Mapped "{[/trace],methods=[GET]}" onto public java.lang.Object org.springframework.boot.actuate.endpoint.mvc.EndpointMvcAdapter.invoke()
2015-11-17 17:13:40.243  INFO 10100 --- [    Test worker] o.s.b.a.e.mvc.EndpointHandlerMapping     : Mapped "{[/dump],methods=[GET]}" onto public java.lang.Object org.springframework.boot.actuate.endpoint.mvc.EndpointMvcAdapter.invoke()
2015-11-17 17:13:40.243  INFO 10100 --- [    Test worker] o.s.b.a.e.mvc.EndpointHandlerMapping     : Mapped "{[/beans],methods=[GET]}" onto public java.lang.Object org.springframework.boot.actuate.endpoint.mvc.EndpointMvcAdapter.invoke()
2015-11-17 17:13:40.277  INFO 10100 --- [    Test worker] t.ac.kmitl.ce.ooad.DemoApplicationTests  : Started DemoApplicationTests in 3.414 seconds (JVM running for 4.146)
]]></system-out>
  <system-err><![CDATA[]]></system-err>
</testsuite>
